<?xml version="1.0" encoding="UTF-8"?>
<!-- Generated by org.testng.reporters.JUnitReportReporter -->
<testsuite hostname="Arunas-MacBook-Pro.local" failures="0" tests="1" name="testNG.FbLogin" time="20.321" errors="0" timestamp="2024-09-18T11:37:10 EDT" skipped="0">
  <testcase classname="testNG.FbLogin" name="facebook" time="20.321"/>
</testsuite> <!-- testNG.FbLogin -->
