<?xml version="1.0" encoding="UTF-8"?>
<!-- Generated by org.testng.reporters.JUnitReportReporter -->
<testsuite hostname="Arunas-MacBook-Pro.local" failures="0" tests="1" name="testNG.Assignment15_SephoraAutomation_usingXpath" time="58.403" errors="0" timestamp="2024-09-24T19:32:32 EDT" skipped="0">
  <testcase classname="testNG.Assignment15_SephoraAutomation_usingXpath" name="f" time="58.403"/>
</testsuite> <!-- testNG.Assignment15_SephoraAutomation_usingXpath -->
