<?xml version="1.0" encoding="UTF-8"?>
<!-- Generated by org.testng.reporters.JUnitReportReporter -->
<testsuite hostname="Arunas-MacBook-Pro.local" failures="0" tests="1" name="testNG.Assignment14_xpath_orangehrmlive" time="28.333" errors="0" timestamp="2024-09-24T11:35:44 EDT" skipped="0">
  <testcase classname="testNG.Assignment14_xpath_orangehrmlive" name="f" time="28.333"/>
</testsuite> <!-- testNG.Assignment14_xpath_orangehrmlive -->
