<?xml version="1.0" encoding="UTF-8"?>
<!-- Generated by org.testng.reporters.JUnitReportReporter -->
<testsuite hostname="Arunas-MacBook-Pro.local" failures="0" tests="1" name="testNG.Assignment13_BlazedemoForXPATH" time="9.698" errors="0" timestamp="2024-09-23T18:29:32 EDT" skipped="0">
  <testcase classname="testNG.Assignment13_BlazedemoForXPATH" name="f" time="9.698"/>
</testsuite> <!-- testNG.Assignment13_BlazedemoForXPATH -->
